<?xml version="1.0" encoding="UTF-8"?>
<!-- Generated by org.testng.reporters.JUnitReportReporter -->
<testsuite hostname="LAPTOP-FIQ8QU3B" failures="0" tests="2" name="com.avactis.test.UserLoginTest" time="27.226" errors="0" timestamp="2024-08-14T02:55:29 IST" skipped="0">
  <testcase classname="com.avactis.test.UserLoginTest" name="userlogin" time="7.496"/>
  <testcase classname="com.avactis.test.UserLoginTest" name="newResgistration" time="19.730"/>
</testsuite> <!-- com.avactis.test.UserLoginTest -->
