<?xml version="1.0" encoding="UTF-8"?>
<!-- Generated by org.testng.reporters.JUnitReportReporter -->
<testsuite hostname="LAPTOP-FIQ8QU3B" failures="0" tests="1" name="com.avactis.test.UserLoginTest" time="4.133" errors="0" timestamp="2024-08-08T02:45:29 IST" skipped="0">
  <testcase classname="com.avactis.test.UserLoginTest" name="userlogin" time="4.133"/>
</testsuite> <!-- com.avactis.test.UserLoginTest -->
